Arguments: 
  /home/marcoshenrique/.nvm/versions/node/v14.18.1/bin/node /home/marcoshenrique/.nvm/versions/node/v14.18.1/bin/yarn init @eslint/config

PATH: 
  /home/marcoshenrique/.nvm/versions/node/v14.18.1/bin:/home/marcoshenrique/.zinit/polaris/bin:/home/marcoshenrique/.local/bin:/usr/local/sbin:/usr/local/bin:/usr/sbin:/usr/bin:/sbin:/bin:/usr/games:/usr/local/games:/snap/bin:/snap/bin:/home/marcoshenrique/Android/Sdk/emulator:/home/marcoshenrique/Android/Sdk/tools:/home/marcoshenrique/Android/Sdk/tools/bin:/home/marcoshenrique/Android/Sdk/platform-tools:/home/marcoshenrique/android-studio/bin:/home/marcoshenrique/Android/Sdk/emulator:/home/marcoshenrique/Android/Sdk/tools:/home/marcoshenrique/Android/Sdk/tools/bin:/home/marcoshenrique/Android/Sdk/platform-tools:/home/marcoshenrique/android-studio/bin

Yarn version: 
  1.22.15

Node version: 
  14.18.1

Platform: 
  linux x64

Trace: 
  Error: canceled
      at Interface.<anonymous> (/home/marcoshenrique/.nvm/versions/node/v14.18.1/lib/node_modules/yarn/lib/cli.js:137145:13)
      at Interface.emit (events.js:400:28)
      at Interface._ttyWrite (readline.js:1001:16)
      at ReadStream.onkeypress (readline.js:265:10)
      at ReadStream.emit (events.js:400:28)
      at emitKeys (internal/readline/utils.js:358:14)
      at emitKeys.next (<anonymous>)
      at ReadStream.onData (readline.js:1270:36)
      at ReadStream.emit (events.js:400:28)
      at addChunk (internal/streams/readable.js:293:12)

npm manifest: 
  {
    "name": "api",
    "version": "1.0.0",
    "main": "index.js",
    "license": "MIT",
    "scripts": {
      "build": "tsc"
    },
    "devDependencies": {
      "typescript": "^4.8.4"
    }
  }

yarn manifest: 
  No manifest

Lockfile: 
  # THIS IS AN AUTOGENERATED FILE. DO NOT EDIT THIS FILE DIRECTLY.
  # yarn lockfile v1
  
  
  typescript@^4.8.4:
    version "4.8.4"
    resolved "https://registry.yarnpkg.com/typescript/-/typescript-4.8.4.tgz#c464abca159669597be5f96b8943500b238e60e6"
    integrity sha512-QCh+85mCy+h0IGff8r5XWzOVSbBO+KfeYrMQh7NJ58QujwcE22u+NUSmUxqF+un70P9GXKxa2HCNiTTMJknyjQ==
